=== Wobble Test Run ===
Command: wobble --exclude-slow --log-file --log-verbosity 3
Started: 2026-02-10T14:08:55.733130

PASS TestClaudeAdapterSerialization.test_AS01_claude_stdio_serialization (0.001s)
PASS TestClaudeAdapterSerialization.test_AS02_claude_sse_serialization (0.000s)
PASS TestCodexAdapterSerialization.test_AS06_codex_stdio_serialization (0.000s)
PASS TestGeminiAdapterSerialization.test_AS03_gemini_stdio_serialization (0.000s)
PASS TestGeminiAdapterSerialization.test_AS04_gemini_http_serialization (0.000s)
PASS TestKiroAdapterSerialization.test_AS07_kiro_stdio_serialization (0.000s)
PASS TestVSCodeAdapterSerialization.test_AS05_vscode_with_envfile (0.000s)
PASS TestColorEnum.test_amber_color_exists (0.000s)
PASS TestColorEnum.test_color_enum_exists (0.000s)
PASS TestColorEnum.test_color_enum_has_bright_colors (0.000s)
PASS TestColorEnum.test_color_enum_has_dim_colors (0.000s)
PASS TestColorEnum.test_color_enum_has_utility_colors (0.000s)
PASS TestColorEnum.test_color_enum_total_count (0.000s)
PASS TestColorEnum.test_color_values_are_ansi_codes (0.000s)
PASS TestColorEnum.test_reset_clears_formatting (0.000s)
PASS TestColorsEnabled.test_colors_disabled_when_no_color_set (0.000s)
PASS TestColorsEnabled.test_colors_disabled_when_no_color_truthy (0.000s)
PASS TestColorsEnabled.test_colors_disabled_when_not_tty (0.001s)
PASS TestColorsEnabled.test_colors_enabled_when_no_color_empty (0.000s)
PASS TestColorsEnabled.test_colors_enabled_when_no_color_unset (0.000s)
PASS TestColorsEnabled.test_colors_enabled_when_tty_and_no_no_color (0.001s)
PASS TestHighlightFunction.test_highlight_non_tty (0.001s)
PASS TestHighlightFunction.test_highlight_with_colors_disabled (0.000s)
PASS TestHighlightFunction.test_highlight_with_colors_enabled (0.000s)
PASS TestTrueColorDetection.test_truecolor_detection_colorterm_24bit (0.000s)
PASS TestTrueColorDetection.test_truecolor_detection_colorterm_truecolor (0.000s)
PASS TestTrueColorDetection.test_truecolor_detection_fallback_false (0.000s)
PASS TestTrueColorDetection.test_truecolor_detection_term_program_iterm (0.000s)
PASS TestTrueColorDetection.test_truecolor_detection_term_program_vscode (0.000s)
PASS TestTrueColorDetection.test_truecolor_detection_windows_terminal (0.000s)
PASS TestConsequenceTypeColorSemantics.test_constructive_types_use_green (0.000s)
PASS TestConsequenceTypeColorSemantics.test_destructive_types_use_red (0.000s)
PASS TestConsequenceTypeColorSemantics.test_informational_type_uses_cyan (0.000s)
PASS TestConsequenceTypeColorSemantics.test_modification_types_use_yellow (0.000s)
PASS TestConsequenceTypeColorSemantics.test_noop_types_use_gray (0.000s)
PASS TestConsequenceTypeColorSemantics.test_recovery_type_uses_blue (0.000s)
PASS TestConsequenceTypeColorSemantics.test_transfer_type_uses_magenta (0.000s)
PASS TestConsequenceTypeEnum.test_consequence_type_enum_exists (0.000s)
PASS TestConsequenceTypeEnum.test_consequence_type_has_all_constructive_types (0.000s)
PASS TestConsequenceTypeEnum.test_consequence_type_has_all_destructive_types (0.000s)
PASS TestConsequenceTypeEnum.test_consequence_type_has_all_modification_types (0.000s)
PASS TestConsequenceTypeEnum.test_consequence_type_has_all_noop_types (0.000s)
PASS TestConsequenceTypeEnum.test_consequence_type_has_informational_type (0.000s)
PASS TestConsequenceTypeEnum.test_consequence_type_has_recovery_type (0.000s)
PASS TestConsequenceTypeEnum.test_consequence_type_has_transfer_type (0.000s)
PASS TestConsequenceTypeEnum.test_consequence_type_total_count (0.000s)
PASS TestConsequenceTypeProperties.test_all_types_have_prompt_color (0.000s)
PASS TestConsequenceTypeProperties.test_all_types_have_prompt_label (0.000s)
PASS TestConsequenceTypeProperties.test_all_types_have_result_color (0.000s)
PASS TestConsequenceTypeProperties.test_all_types_have_result_label (0.000s)
PASS TestConsequenceTypeProperties.test_irregular_verbs_prompt_equals_result (0.000s)
PASS TestConsequenceTypeProperties.test_regular_verbs_result_ends_with_ed (0.000s)
PASS TestFormatInfo.test_format_info_basic (0.000s)
PASS TestFormatInfo.test_format_info_no_color_in_non_tty (0.000s)
PASS TestFormatInfo.test_format_info_output_format (0.000s)
PASS TestFormatValidationError.test_format_validation_error_basic (0.000s)
PASS TestFormatValidationError.test_format_validation_error_full (0.000s)
PASS TestFormatValidationError.test_format_validation_error_no_color_in_non_tty (0.000s)
PASS TestFormatValidationError.test_format_validation_error_with_field (0.000s)
PASS TestFormatValidationError.test_format_validation_error_with_suggestion (0.000s)
PASS TestHatchArgumentParser.test_argparse_error_exit_code_2 (0.164s)
PASS TestHatchArgumentParser.test_argparse_error_has_error_prefix (0.168s)
PASS TestHatchArgumentParser.test_argparse_error_no_ansi_in_pipe (0.162s)
PASS TestHatchArgumentParser.test_argparse_error_unrecognized_argument (0.157s)
PASS TestHatchArgumentParser.test_hatch_argument_parser_class_exists (0.000s)
PASS TestHatchArgumentParser.test_hatch_argument_parser_has_error_method (0.000s)
PASS TestValidationError.test_validation_error_attributes (0.000s)
PASS TestValidationError.test_validation_error_can_be_raised (0.000s)
PASS TestValidationError.test_validation_error_is_exception (0.000s)
PASS TestValidationError.test_validation_error_optional_field (0.000s)
PASS TestValidationError.test_validation_error_optional_suggestion (0.000s)
PASS TestValidationError.test_validation_error_str_returns_message (0.000s)
PASS TestConsequence.test_consequence_accepts_children_list (0.000s)
PASS TestConsequence.test_consequence_accepts_type_and_message (0.000s)
PASS TestConsequence.test_consequence_children_are_consequence_instances (0.000s)
PASS TestConsequence.test_consequence_children_default_not_shared (0.000s)
PASS TestConsequence.test_consequence_dataclass_exists (0.000s)
PASS TestConsequence.test_consequence_default_children_is_empty_list (0.000s)
PASS TestConversionReportIntegration.test_add_from_conversion_report_method_exists (0.000s)
PASS TestConversionReportIntegration.test_all_fields_mapped_no_data_loss (0.003s)
PASS TestConversionReportIntegration.test_empty_conversion_report_handled (0.000s)
PASS TestConversionReportIntegration.test_field_name_preserved_in_mapping (0.000s)
PASS TestConversionReportIntegration.test_old_new_values_preserved (0.000s)
PASS TestConversionReportIntegration.test_resource_consequence_type_from_operation (0.000s)
PASS TestConversionReportIntegration.test_server_name_in_resource_message (0.000s)
PASS TestConversionReportIntegration.test_target_host_in_resource_message (0.000s)
PASS TestConversionReportIntegration.test_unchanged_maps_to_unchanged_type (0.000s)
PASS TestConversionReportIntegration.test_unsupported_maps_to_skip_type (0.000s)
PASS TestConversionReportIntegration.test_updated_maps_to_update_type (0.000s)
PASS TestReportError.test_report_error_basic (0.000s)
PASS TestReportError.test_report_error_empty_summary_no_output (0.000s)
PASS TestReportError.test_report_error_no_color_in_non_tty (0.000s)
PASS TestReportError.test_report_error_none_details_handled (0.000s)
PASS TestReportError.test_report_error_with_details (0.000s)
PASS TestReportPartialSuccess.test_report_partial_success_ascii_fallback (0.000s)
PASS TestReportPartialSuccess.test_report_partial_success_basic (0.000s)
PASS TestReportPartialSuccess.test_report_partial_success_empty_lists (0.000s)
PASS TestReportPartialSuccess.test_report_partial_success_failure_reason_shown (0.000s)
PASS TestReportPartialSuccess.test_report_partial_success_no_color_in_non_tty (0.000s)
PASS TestReportPartialSuccess.test_report_partial_success_summary_line (0.000s)
PASS TestReportPartialSuccess.test_report_partial_success_unicode_symbols (0.000s)
PASS TestResultReporter.test_result_reporter_accepts_command_name (0.000s)
PASS TestResultReporter.test_result_reporter_add_consequence (0.000s)
PASS TestResultReporter.test_result_reporter_add_with_children (0.000s)
PASS TestResultReporter.test_result_reporter_command_name_stored (0.000s)
PASS TestResultReporter.test_result_reporter_consequence_data_preserved (0.000s)
PASS TestResultReporter.test_result_reporter_consequences_tracked_in_order (0.000s)
PASS TestResultReporter.test_result_reporter_dry_run_default_false (0.000s)
PASS TestResultReporter.test_result_reporter_dry_run_stored (0.000s)
PASS TestResultReporter.test_result_reporter_empty_consequences (0.000s)
PASS TestResultReporter.test_result_reporter_exists (0.000s)
PASS TestFieldFiltering.test_RF01_name_never_in_gemini_output (0.000s)
PASS TestFieldFiltering.test_RF02_name_never_in_claude_output (0.000s)
PASS TestFieldFiltering.test_RF03_type_not_in_gemini_output (0.000s)
PASS TestFieldFiltering.test_RF04_type_not_in_kiro_output (0.000s)
PASS TestFieldFiltering.test_RF05_type_not_in_codex_output (0.000s)
PASS TestFieldFiltering.test_RF06_type_IS_in_claude_output (0.000s)
PASS TestFieldFiltering.test_RF07_type_IS_in_vscode_output (0.000s)
PASS TestFieldFiltering.test_cursor_type_behavior (0.000s)
PASS TestFieldFiltering.test_name_never_in_any_adapter_output (0.000s)
ERROR _FailedTest.test_cli_version (0.000s)
    Error: ImportError: Failed to import test module: test_cli_version
Traceback (most recent call last):
  File "/Users/hacker/miniforge3/envs/forHatch-dev/lib/python3.12/unittest/loader.py", line 396, in _find_test_path
    module = self._get_module_from_name(name)
             ^^^^^^^^^^^^^^^^^^^^^^^^^^^^^^^^
  File "/Users/hacker/miniforge3/envs/forHatch-dev/lib/python3.12/unittest/loader.py", line 339, in _get_module_from_name
    __import__(name)
  File "/Users/hacker/Documents/src/CrackingShells/Hatch/tests/test_cli_version.py", line 23, in <module>
    from hatch.cli_hatch import main
  File "/Users/hacker/Documents/src/CrackingShells/Hatch/hatch/cli_hatch.py", line 64, in <module>
    from hatch.cli.cli_mcp import (
ImportError: cannot import name 'handle_mcp_show' from 'hatch.cli.cli_mcp' (/Users/hacker/Documents/src/CrackingShells/Hatch/hatch/cli/cli_mcp.py)

    Traceback (most recent call last):
      File "/Users/hacker/miniforge3/envs/forHatch-dev/lib/python3.12/unittest/case.py", line 58, in testPartExecutor
        yield
      File "/Users/hacker/miniforge3/envs/forHatch-dev/lib/python3.12/unittest/case.py", line 634, in run
        self._callTestMethod(testMethod)
    ... (traceback truncated)
PASS TestEnvironmentVariableScenarios.test_all_environment_variable_scenarios (0.004s)
PASS TestInstallationPlanVariations.test_non_tty_with_complex_plan (0.001s)
PASS TestInstallationPlanVariations.test_non_tty_with_empty_plan (0.001s)
PASS TestUserConsentHandling.test_environment_variable_case_insensitive (0.001s)
PASS TestUserConsentHandling.test_environment_variable_invalid_value (0.001s)
PASS TestUserConsentHandling.test_environment_variable_numeric_true (0.001s)
PASS TestUserConsentHandling.test_environment_variable_string_true (0.001s)
PASS TestUserConsentHandling.test_eof_error_handling (0.001s)
PASS TestUserConsentHandling.test_keyboard_interrupt_handling (0.001s)
PASS TestUserConsentHandling.test_non_tty_environment_auto_approve (0.001s)
PASS TestUserConsentHandling.test_tty_environment_invalid_then_valid_input (0.001s)
PASS TestUserConsentHandling.test_tty_environment_user_approves (0.001s)
PASS TestUserConsentHandling.test_tty_environment_user_approves_full_word (0.001s)
PASS TestUserConsentHandling.test_tty_environment_user_default_deny (0.001s)
PASS TestUserConsentHandling.test_tty_environment_user_denies (0.001s)
PASS TestUserConsentHandling.test_tty_environment_user_denies_full_word (0.001s)
SKIP TestDockerInstaller.test_can_install_docker_unavailable (0.000s)
PASS TestDockerInstaller.test_can_install_valid_dependency (0.001s)
PASS TestDockerInstaller.test_can_install_wrong_type (0.000s)
PASS TestDockerInstaller.test_get_installation_info_docker_unavailable (0.000s)
SKIP TestDockerInstaller.test_get_installation_info_image_installed (0.000s)
SKIP TestDockerInstaller.test_install_failure (0.000s)
PASS TestDockerInstaller.test_install_invalid_dependency (0.000s)
PASS TestDockerInstaller.test_install_simulation_mode (0.000s)
SKIP TestDockerInstaller.test_install_success (0.000s)
PASS TestDockerInstaller.test_installer_type (0.000s)
PASS TestDockerInstaller.test_resolve_docker_tag (0.000s)
PASS TestDockerInstaller.test_supported_schemes (0.000s)
PASS TestDockerInstaller.test_uninstall_simulation_mode (0.000s)
SKIP TestDockerInstaller.test_uninstall_success (0.000s)
PASS TestDockerInstaller.test_validate_dependency_invalid_registry (0.000s)
PASS TestDockerInstaller.test_validate_dependency_invalid_type (0.000s)
PASS TestDockerInstaller.test_validate_dependency_invalid_version_constraint (0.000s)
PASS TestDockerInstaller.test_validate_dependency_missing_name (0.000s)
PASS TestDockerInstaller.test_validate_dependency_missing_version_constraint (0.000s)
PASS TestDockerInstaller.test_validate_dependency_valid (0.000s)
PASS TestDockerInstaller.test_version_constraint_validation (0.000s)
FAIL PackageEnvironmentTests.test_add_package_environment_variable_compatibility (0.000s)
    Error: AssertionError: False is not true : Hatching-Dev directory not found at /Users/hacker/Documents/src/CrackingShells/Hatching-Dev
    Traceback (most recent call last):
      File "/Users/hacker/miniforge3/envs/forHatch-dev/lib/python3.12/unittest/case.py", line 58, in testPartExecutor
        yield
      File "/Users/hacker/miniforge3/envs/forHatch-dev/lib/python3.12/unittest/case.py", line 630, in run
        self._callSetUp()
    ... (traceback truncated)
FAIL PackageEnvironmentTests.test_add_package_non_tty_auto_approve (0.000s)
    Error: AssertionError: False is not true : Hatching-Dev directory not found at /Users/hacker/Documents/src/CrackingShells/Hatching-Dev
    Traceback (most recent call last):
      File "/Users/hacker/miniforge3/envs/forHatch-dev/lib/python3.12/unittest/case.py", line 58, in testPartExecutor
        yield
      File "/Users/hacker/miniforge3/envs/forHatch-dev/lib/python3.12/unittest/case.py", line 630, in run
        self._callSetUp()
    ... (traceback truncated)
FAIL PackageEnvironmentTests.test_add_package_with_dependencies_non_tty (0.000s)
    Error: AssertionError: False is not true : Hatching-Dev directory not found at /Users/hacker/Documents/src/CrackingShells/Hatching-Dev
    Traceback (most recent call last):
      File "/Users/hacker/miniforge3/envs/forHatch-dev/lib/python3.12/unittest/case.py", line 58, in testPartExecutor
        yield
      File "/Users/hacker/miniforge3/envs/forHatch-dev/lib/python3.12/unittest/case.py", line 630, in run
        self._callSetUp()
    ... (traceback truncated)
FAIL PackageEnvironmentTests.test_environment_variable_case_variations (0.000s)
    Error: AssertionError: False is not true : Hatching-Dev directory not found at /Users/hacker/Documents/src/CrackingShells/Hatching-Dev
    Traceback (most recent call last):
      File "/Users/hacker/miniforge3/envs/forHatch-dev/lib/python3.12/unittest/case.py", line 58, in testPartExecutor
        yield
      File "/Users/hacker/miniforge3/envs/forHatch-dev/lib/python3.12/unittest/case.py", line 630, in run
        self._callSetUp()
    ... (traceback truncated)
ERROR _ErrorHolder.setUpClass failed in TestHatchInstaller (test_hatch_installer.py) (0.000s)
    Error: AssertionError: Hatching-Dev directory not found at /Users/hacker/Documents/src/CrackingShells/Hatching-Dev
    Traceback (most recent call last):
      File "/Users/hacker/miniforge3/envs/forHatch-dev/lib/python3.12/unittest/suite.py", line 166, in _handleClassSetUp
        setUpClass()
      File "/Users/hacker/Documents/src/CrackingShells/Hatch/tests/test_hatch_installer.py", line 24, in setUpClass
        cls.hatch_dev_path.exists()
    ... (traceback truncated)
PASS BaseInstallerTests.test_installation_context_creation (0.000s)
PASS BaseInstallerTests.test_installation_context_with_config (0.000s)
PASS BaseInstallerTests.test_installation_error (0.000s)
PASS BaseInstallerTests.test_installation_result_creation (0.000s)
PASS BaseInstallerTests.test_installation_status_enum (0.000s)
PASS BaseInstallerTests.test_mock_installer_get_installation_info (0.000s)
PASS BaseInstallerTests.test_mock_installer_install (0.000s)
PASS BaseInstallerTests.test_mock_installer_interface (0.000s)
PASS BaseInstallerTests.test_mock_installer_uninstall_not_implemented (0.000s)
PASS BaseInstallerTests.test_mock_installer_validation (0.000s)
PASS BaseInstallerTests.test_progress_callback_support (0.000s)
PASS TestPythonEnvironmentManager.test_conda_env_exists (0.414s)
PASS TestPythonEnvironmentManager.test_conda_env_not_exists (0.231s)
PASS TestPythonEnvironmentManager.test_create_python_environment_already_exists (0.237s)
PASS TestPythonEnvironmentManager.test_create_python_environment_no_conda (0.227s)
PASS TestPythonEnvironmentManager.test_create_python_environment_success (0.226s)
PASS TestPythonEnvironmentManager.test_detect_conda_mamba_conda_only (0.231s)
PASS TestPythonEnvironmentManager.test_detect_conda_mamba_none_available (0.234s)
PASS TestPythonEnvironmentManager.test_detect_conda_mamba_with_mamba (0.238s)
PASS TestPythonEnvironmentManager.test_get_conda_env_name (0.235s)
PASS TestPythonEnvironmentManager.test_get_environment_activation_info_env_not_exists (0.460s)
PASS TestPythonEnvironmentManager.test_get_environment_activation_info_no_python (0.456s)
PASS TestPythonEnvironmentManager.test_get_environment_activation_info_unix (0.460s)
FAIL TestPythonEnvironmentManager.test_get_environment_activation_info_windows (0.452s)
    Error: AssertionError: 'C:\\fake\\env' not found in ['C:/fake/env:C:/fake/env/Scripts:C:/fake/env/Library/bin:/Users/hacker/miniforge3/envs/forHatch-dev/bin:/Users/hacker/.nvm/versions/node/v24.13.0/bin:/opt/homebrew/bin:/opt/homebrew/sbin:/usr/local/bin:/System/Cryptexes/App/usr/bin:/usr/bin:/bin:/usr/sbin:/sbin:/var/run/com.apple.security.cryptexd/codex.system/bootstrap/usr/local/bin:/var/run/com.apple.security.cryptexd/codex.system/bootstrap/usr/bin:/var/run/com.apple.security.cryptexd/codex.system/bootstrap/usr/appleinternal/bin:/opt/pmk/env/global/bin:/Library/Apple/usr/bin:/Library/TeX/texbin:/Users/hacker/.nvm/versions/node/v24.13.0/bin:/Users/hacker/miniforge3/condabin:/Users/hacker/.local/bin:/Users/hacker/.cargo/bin:/Users/hacker/Documents/bin/OpenUSD/bin:/Users/hacker/.lmstudio/bin:/Users/hacker/Documents/bin/OpenUSD/bin:/Users/hacker/.lmstudio/bin']
    Traceback (most recent call last):
      File "/Users/hacker/miniforge3/envs/forHatch-dev/lib/python3.12/unittest/case.py", line 58, in testPartExecutor
        yield
      File "/Users/hacker/miniforge3/envs/forHatch-dev/lib/python3.12/unittest/case.py", line 634, in run
        self._callTestMethod(testMethod)
    ... (traceback truncated)
PASS TestPythonEnvironmentManager.test_get_preferred_executable (0.226s)
PASS TestPythonEnvironmentManager.test_get_python_executable_exists (0.229s)
PASS TestPythonEnvironmentManager.test_get_python_executable_not_exists (0.229s)
PASS TestPythonEnvironmentManager.test_get_python_executable_path_unix (0.231s)
PASS TestPythonEnvironmentManager.test_get_python_executable_path_windows (0.233s)
PASS TestPythonEnvironmentManager.test_init (0.227s)
PASS TestPythonEnvironmentManager.test_is_available_no_conda (0.456s)
PASS TestPythonEnvironmentManager.test_is_available_with_conda (0.236s)
PASS TestPythonEnvironmentManagerEnhancedFeatures.test_environment_diagnostics_structure (0.261s)
PASS TestPythonEnvironmentManagerEnhancedFeatures.test_get_manager_info_structure (0.224s)
PASS TestPythonEnvironmentManagerEnhancedFeatures.test_launch_shell_interactive_unix (0.255s)
PASS TestPythonEnvironmentManagerEnhancedFeatures.test_launch_shell_interactive_windows (0.234s)
PASS TestPythonEnvironmentManagerEnhancedFeatures.test_launch_shell_no_python_executable (0.222s)
PASS TestPythonEnvironmentManagerEnhancedFeatures.test_launch_shell_nonexistent_environment (0.263s)
PASS TestPythonEnvironmentManagerEnhancedFeatures.test_launch_shell_with_command (0.227s)
PASS TestPythonEnvironmentManagerEnhancedFeatures.test_manager_diagnostics_structure (0.452s)
PASS TestPythonInstaller.test_can_install_python_type (0.001s)
PASS TestPythonInstaller.test_can_install_wrong_type (0.000s)
PASS TestPythonInstaller.test_install_failure (0.001s)
PASS TestPythonInstaller.test_install_simulation_mode (0.001s)
PASS TestPythonInstaller.test_install_success (0.000s)
PASS TestPythonInstaller.test_run_pip_subprocess_exception (0.001s)
PASS TestPythonInstaller.test_uninstall_failure (0.000s)
PASS TestPythonInstaller.test_uninstall_success (0.000s)
PASS TestPythonInstaller.test_validate_dependency_invalid_missing_fields (0.000s)
PASS TestPythonInstaller.test_validate_dependency_invalid_package_manager (0.000s)
PASS TestPythonInstaller.test_validate_dependency_valid (0.000s)
PASS TestInstallerRegistry.test_error_on_unknown_type (0.000s)
PASS TestInstallerRegistry.test_get_installer_instance (0.000s)
PASS TestInstallerRegistry.test_registered_types (0.000s)
PASS TestInstallerRegistry.test_registry_repr_and_len (0.000s)
PASS RegistryRetrieverTests.test_online_mode (1.439s)
PASS RegistryRetrieverTests.test_persistent_timestamp_across_cli_invocations (0.156s)
PASS RegistryRetrieverTests.test_persistent_timestamp_edge_cases (0.002s)
PASS RegistryRetrieverTests.test_registry_cache_management (0.468s)
PASS RegistryRetrieverTests.test_registry_init (0.002s)
PASS TestSystemInstaller.test_build_apt_command_automated (0.000s)
PASS TestSystemInstaller.test_build_apt_command_basic (0.000s)
PASS TestSystemInstaller.test_build_apt_command_exact_version (0.000s)
PASS TestSystemInstaller.test_can_install_apt_not_available (0.000s)
PASS TestSystemInstaller.test_can_install_unsupported_platform (0.000s)
PASS TestSystemInstaller.test_can_install_valid_dependency (0.000s)
PASS TestSystemInstaller.test_can_install_wrong_type (0.000s)
PASS TestSystemInstaller.test_install_apt_failure (0.000s)
PASS TestSystemInstaller.test_install_invalid_dependency (0.000s)
PASS TestSystemInstaller.test_install_simulation_mode (0.000s)
PASS TestSystemInstaller.test_install_success (0.033s)
PASS TestSystemInstaller.test_installer_type (0.000s)
PASS TestSystemInstaller.test_is_apt_available_false (0.001s)
PASS TestSystemInstaller.test_is_apt_available_true (0.000s)
PASS TestSystemInstaller.test_is_platform_supported_debian (0.000s)
PASS TestSystemInstaller.test_is_platform_supported_ubuntu (0.001s)
PASS TestSystemInstaller.test_is_platform_supported_unsupported (0.000s)
PASS TestSystemInstaller.test_parse_apt_error_generic (0.000s)
PASS TestSystemInstaller.test_parse_apt_error_package_not_found (0.000s)
PASS TestSystemInstaller.test_parse_apt_error_permission_denied (0.000s)
PASS TestSystemInstaller.test_simulate_installation_failure (0.000s)
PASS TestSystemInstaller.test_simulate_installation_success (0.000s)
PASS TestSystemInstaller.test_supported_schemes (0.000s)
PASS TestSystemInstaller.test_uninstall_automated (0.000s)
PASS TestSystemInstaller.test_uninstall_simulation_mode (0.000s)
PASS TestSystemInstaller.test_uninstall_success (0.000s)
PASS TestSystemInstaller.test_validate_dependency_invalid_package_manager (0.000s)
PASS TestSystemInstaller.test_validate_dependency_invalid_version_constraint (0.000s)
PASS TestSystemInstaller.test_validate_dependency_missing_name (0.000s)
PASS TestSystemInstaller.test_validate_dependency_missing_version_constraint (0.000s)
PASS TestSystemInstaller.test_validate_dependency_valid (0.000s)
PASS TestSystemInstaller.test_verify_installation_failure (0.000s)
PASS TestSystemInstaller.test_verify_installation_success (0.000s)
PASS TestAdapterProtocol.test_AP01_all_adapters_have_get_supported_fields (0.000s)
PASS TestAdapterProtocol.test_AP02_all_adapters_have_validate (0.000s)
PASS TestAdapterProtocol.test_AP03_all_adapters_have_serialize (0.000s)
PASS TestAdapterProtocol.test_AP04_serialize_never_returns_name (0.000s)
PASS TestAdapterProtocol.test_AP05_serialize_never_returns_none_values (0.000s)
PASS TestAdapterProtocol.test_AP06_get_adapter_returns_correct_type (0.000s)
PASS TestAdapterRegistry.test_AR01_registry_has_all_default_hosts (0.000s)
PASS TestAdapterRegistry.test_AR02_get_adapter_returns_correct_type (0.000s)
PASS TestAdapterRegistry.test_AR03_get_adapter_raises_for_unknown_host (0.000s)
PASS TestAdapterRegistry.test_AR04_has_adapter_returns_true_for_registered (0.000s)
PASS TestAdapterRegistry.test_AR05_has_adapter_returns_false_for_unknown (0.000s)
PASS TestAdapterRegistry.test_AR06_register_adds_new_adapter (0.000s)
PASS TestAdapterRegistry.test_AR07_register_raises_for_duplicate (0.000s)
PASS TestAdapterRegistry.test_AR08_unregister_removes_adapter (0.000s)
PASS TestAdapterRegistry.test_unregister_raises_for_unknown (0.000s)
PASS TestGlobalRegistryFunctions.test_get_adapter_raises_for_unknown (0.000s)
PASS TestGlobalRegistryFunctions.test_get_adapter_uses_default_registry (0.000s)
PASS TestGlobalRegistryFunctions.test_get_default_registry_returns_singleton (0.000s)
PASS TestMCPServerConfig.test_UM01_valid_stdio_config (0.000s)
PASS TestMCPServerConfig.test_UM02_valid_sse_config (0.000s)
PASS TestMCPServerConfig.test_UM03_valid_http_config_gemini (0.000s)
PASS TestMCPServerConfig.test_UM04_allows_command_and_url (0.000s)
PASS TestMCPServerConfig.test_UM05_reject_no_transport (0.000s)
PASS TestMCPServerConfig.test_UM06_accept_all_fields (0.000s)
PASS TestMCPServerConfig.test_UM07_extra_fields_allowed (0.000s)
PASS TestMCPServerConfig.test_command_empty_rejected (0.000s)
PASS TestMCPServerConfig.test_command_whitespace_stripped (0.000s)
PASS TestMCPServerConfig.test_serialization_roundtrip (0.000s)
PASS TestMCPServerConfig.test_url_format_validation (0.000s)
PASS TestMCPServerConfigProperties.test_is_local_server_with_command (0.000s)
PASS TestMCPServerConfigProperties.test_is_remote_server_with_httpUrl (0.000s)
PASS TestMCPServerConfigProperties.test_is_remote_server_with_url (0.000s)
PASS TestClaudeAdapterSerialization.test_AS01_claude_stdio_serialization (0.000s)
PASS TestClaudeAdapterSerialization.test_AS02_claude_sse_serialization (0.000s)
PASS TestCodexAdapterSerialization.test_AS06_codex_stdio_serialization (0.000s)
PASS TestGeminiAdapterSerialization.test_AS03_gemini_stdio_serialization (0.000s)
PASS TestGeminiAdapterSerialization.test_AS04_gemini_http_serialization (0.000s)
PASS TestKiroAdapterSerialization.test_AS07_kiro_stdio_serialization (0.000s)
PASS TestVSCodeAdapterSerialization.test_AS05_vscode_with_envfile (0.000s)
PASS TestColorEnum.test_amber_color_exists (0.000s)
PASS TestColorEnum.test_color_enum_exists (0.000s)
PASS TestColorEnum.test_color_enum_has_bright_colors (0.000s)
PASS TestColorEnum.test_color_enum_has_dim_colors (0.000s)
PASS TestColorEnum.test_color_enum_has_utility_colors (0.000s)
PASS TestColorEnum.test_color_enum_total_count (0.000s)
PASS TestColorEnum.test_color_values_are_ansi_codes (0.000s)
PASS TestColorEnum.test_reset_clears_formatting (0.000s)
PASS TestColorsEnabled.test_colors_disabled_when_no_color_set (0.000s)
PASS TestColorsEnabled.test_colors_disabled_when_no_color_truthy (0.000s)
PASS TestColorsEnabled.test_colors_disabled_when_not_tty (0.001s)
PASS TestColorsEnabled.test_colors_enabled_when_no_color_empty (0.000s)
PASS TestColorsEnabled.test_colors_enabled_when_no_color_unset (0.000s)
PASS TestColorsEnabled.test_colors_enabled_when_tty_and_no_no_color (0.001s)
PASS TestHighlightFunction.test_highlight_non_tty (0.001s)
PASS TestHighlightFunction.test_highlight_with_colors_disabled (0.000s)
PASS TestHighlightFunction.test_highlight_with_colors_enabled (0.001s)
PASS TestTrueColorDetection.test_truecolor_detection_colorterm_24bit (0.000s)
PASS TestTrueColorDetection.test_truecolor_detection_colorterm_truecolor (0.000s)
PASS TestTrueColorDetection.test_truecolor_detection_fallback_false (0.000s)
PASS TestTrueColorDetection.test_truecolor_detection_term_program_iterm (0.000s)
PASS TestTrueColorDetection.test_truecolor_detection_term_program_vscode (0.000s)
PASS TestTrueColorDetection.test_truecolor_detection_windows_terminal (0.000s)
PASS TestConsequenceTypeColorSemantics.test_constructive_types_use_green (0.000s)
PASS TestConsequenceTypeColorSemantics.test_destructive_types_use_red (0.000s)
PASS TestConsequenceTypeColorSemantics.test_informational_type_uses_cyan (0.000s)
PASS TestConsequenceTypeColorSemantics.test_modification_types_use_yellow (0.000s)
PASS TestConsequenceTypeColorSemantics.test_noop_types_use_gray (0.000s)
PASS TestConsequenceTypeColorSemantics.test_recovery_type_uses_blue (0.000s)
PASS TestConsequenceTypeColorSemantics.test_transfer_type_uses_magenta (0.000s)
PASS TestConsequenceTypeEnum.test_consequence_type_enum_exists (0.000s)
PASS TestConsequenceTypeEnum.test_consequence_type_has_all_constructive_types (0.000s)
PASS TestConsequenceTypeEnum.test_consequence_type_has_all_destructive_types (0.000s)
PASS TestConsequenceTypeEnum.test_consequence_type_has_all_modification_types (0.000s)
PASS TestConsequenceTypeEnum.test_consequence_type_has_all_noop_types (0.000s)
PASS TestConsequenceTypeEnum.test_consequence_type_has_informational_type (0.000s)
PASS TestConsequenceTypeEnum.test_consequence_type_has_recovery_type (0.000s)
PASS TestConsequenceTypeEnum.test_consequence_type_has_transfer_type (0.000s)
PASS TestConsequenceTypeEnum.test_consequence_type_total_count (0.000s)
PASS TestConsequenceTypeProperties.test_all_types_have_prompt_color (0.000s)
PASS TestConsequenceTypeProperties.test_all_types_have_prompt_label (0.000s)
PASS TestConsequenceTypeProperties.test_all_types_have_result_color (0.000s)
PASS TestConsequenceTypeProperties.test_all_types_have_result_label (0.000s)
PASS TestConsequenceTypeProperties.test_irregular_verbs_prompt_equals_result (0.000s)
PASS TestConsequenceTypeProperties.test_regular_verbs_result_ends_with_ed (0.000s)
PASS TestFormatInfo.test_format_info_basic (0.000s)
PASS TestFormatInfo.test_format_info_no_color_in_non_tty (0.000s)
PASS TestFormatInfo.test_format_info_output_format (0.000s)
PASS TestFormatValidationError.test_format_validation_error_basic (0.000s)
PASS TestFormatValidationError.test_format_validation_error_full (0.000s)
PASS TestFormatValidationError.test_format_validation_error_no_color_in_non_tty (0.000s)
PASS TestFormatValidationError.test_format_validation_error_with_field (0.000s)
PASS TestFormatValidationError.test_format_validation_error_with_suggestion (0.000s)
PASS TestHatchArgumentParser.test_argparse_error_exit_code_2 (0.177s)
PASS TestHatchArgumentParser.test_argparse_error_has_error_prefix (0.165s)
PASS TestHatchArgumentParser.test_argparse_error_no_ansi_in_pipe (0.164s)
PASS TestHatchArgumentParser.test_argparse_error_unrecognized_argument (0.160s)
PASS TestHatchArgumentParser.test_hatch_argument_parser_class_exists (0.000s)
PASS TestHatchArgumentParser.test_hatch_argument_parser_has_error_method (0.000s)
PASS TestValidationError.test_validation_error_attributes (0.000s)
PASS TestValidationError.test_validation_error_can_be_raised (0.000s)
PASS TestValidationError.test_validation_error_is_exception (0.000s)
PASS TestValidationError.test_validation_error_optional_field (0.000s)
PASS TestValidationError.test_validation_error_optional_suggestion (0.000s)
PASS TestValidationError.test_validation_error_str_returns_message (0.000s)
PASS TestConsequence.test_consequence_accepts_children_list (0.000s)
PASS TestConsequence.test_consequence_accepts_type_and_message (0.000s)
PASS TestConsequence.test_consequence_children_are_consequence_instances (0.000s)
PASS TestConsequence.test_consequence_children_default_not_shared (0.000s)
PASS TestConsequence.test_consequence_dataclass_exists (0.000s)
PASS TestConsequence.test_consequence_default_children_is_empty_list (0.000s)
PASS TestConversionReportIntegration.test_add_from_conversion_report_method_exists (0.000s)
PASS TestConversionReportIntegration.test_all_fields_mapped_no_data_loss (0.000s)
PASS TestConversionReportIntegration.test_empty_conversion_report_handled (0.000s)
PASS TestConversionReportIntegration.test_field_name_preserved_in_mapping (0.000s)
PASS TestConversionReportIntegration.test_old_new_values_preserved (0.000s)
PASS TestConversionReportIntegration.test_resource_consequence_type_from_operation (0.000s)
PASS TestConversionReportIntegration.test_server_name_in_resource_message (0.000s)
PASS TestConversionReportIntegration.test_target_host_in_resource_message (0.000s)
PASS TestConversionReportIntegration.test_unchanged_maps_to_unchanged_type (0.000s)
PASS TestConversionReportIntegration.test_unsupported_maps_to_skip_type (0.000s)
PASS TestConversionReportIntegration.test_updated_maps_to_update_type (0.000s)
PASS TestReportError.test_report_error_basic (0.000s)
PASS TestReportError.test_report_error_empty_summary_no_output (0.000s)
PASS TestReportError.test_report_error_no_color_in_non_tty (0.000s)
PASS TestReportError.test_report_error_none_details_handled (0.000s)
PASS TestReportError.test_report_error_with_details (0.000s)
PASS TestReportPartialSuccess.test_report_partial_success_ascii_fallback (0.000s)
PASS TestReportPartialSuccess.test_report_partial_success_basic (0.000s)
PASS TestReportPartialSuccess.test_report_partial_success_empty_lists (0.000s)
PASS TestReportPartialSuccess.test_report_partial_success_failure_reason_shown (0.000s)
PASS TestReportPartialSuccess.test_report_partial_success_no_color_in_non_tty (0.000s)
PASS TestReportPartialSuccess.test_report_partial_success_summary_line (0.000s)
PASS TestReportPartialSuccess.test_report_partial_success_unicode_symbols (0.000s)
PASS TestResultReporter.test_result_reporter_accepts_command_name (0.000s)
PASS TestResultReporter.test_result_reporter_add_consequence (0.000s)
PASS TestResultReporter.test_result_reporter_add_with_children (0.000s)
PASS TestResultReporter.test_result_reporter_command_name_stored (0.000s)
PASS TestResultReporter.test_result_reporter_consequence_data_preserved (0.000s)
PASS TestResultReporter.test_result_reporter_consequences_tracked_in_order (0.000s)
PASS TestResultReporter.test_result_reporter_dry_run_default_false (0.000s)
PASS TestResultReporter.test_result_reporter_dry_run_stored (0.000s)
PASS TestResultReporter.test_result_reporter_empty_consequences (0.000s)
PASS TestResultReporter.test_result_reporter_exists (0.000s)
PASS TestFieldFiltering.test_RF01_name_never_in_gemini_output (0.000s)
PASS TestFieldFiltering.test_RF02_name_never_in_claude_output (0.000s)
PASS TestFieldFiltering.test_RF03_type_not_in_gemini_output (0.000s)
PASS TestFieldFiltering.test_RF04_type_not_in_kiro_output (0.000s)
PASS TestFieldFiltering.test_RF05_type_not_in_codex_output (0.000s)
PASS TestFieldFiltering.test_RF06_type_IS_in_claude_output (0.000s)
PASS TestFieldFiltering.test_RF07_type_IS_in_vscode_output (0.000s)
PASS TestFieldFiltering.test_cursor_type_behavior (0.000s)
PASS TestFieldFiltering.test_name_never_in_any_adapter_output (0.000s)
ERROR _FailedTest.test_cli_version (0.000s)
    Error: ImportError: Failed to import test module: test_cli_version
Traceback (most recent call last):
  File "/Users/hacker/miniforge3/envs/forHatch-dev/lib/python3.12/unittest/loader.py", line 396, in _find_test_path
    module = self._get_module_from_name(name)
             ^^^^^^^^^^^^^^^^^^^^^^^^^^^^^^^^
  File "/Users/hacker/miniforge3/envs/forHatch-dev/lib/python3.12/unittest/loader.py", line 339, in _get_module_from_name
    __import__(name)
  File "/Users/hacker/Documents/src/CrackingShells/Hatch/Tests/test_cli_version.py", line 23, in <module>
    from hatch.cli_hatch import main
  File "/Users/hacker/Documents/src/CrackingShells/Hatch/hatch/cli_hatch.py", line 64, in <module>
    from hatch.cli.cli_mcp import (
ImportError: cannot import name 'handle_mcp_show' from 'hatch.cli.cli_mcp' (/Users/hacker/Documents/src/CrackingShells/Hatch/hatch/cli/cli_mcp.py)

    Traceback (most recent call last):
      File "/Users/hacker/miniforge3/envs/forHatch-dev/lib/python3.12/unittest/case.py", line 58, in testPartExecutor
        yield
      File "/Users/hacker/miniforge3/envs/forHatch-dev/lib/python3.12/unittest/case.py", line 634, in run
        self._callTestMethod(testMethod)
    ... (traceback truncated)
PASS TestEnvironmentVariableScenarios.test_all_environment_variable_scenarios (0.003s)
PASS TestInstallationPlanVariations.test_non_tty_with_complex_plan (0.001s)
PASS TestInstallationPlanVariations.test_non_tty_with_empty_plan (0.001s)
PASS TestUserConsentHandling.test_environment_variable_case_insensitive (0.001s)
PASS TestUserConsentHandling.test_environment_variable_invalid_value (0.001s)
PASS TestUserConsentHandling.test_environment_variable_numeric_true (0.001s)
PASS TestUserConsentHandling.test_environment_variable_string_true (0.001s)
PASS TestUserConsentHandling.test_eof_error_handling (0.001s)
PASS TestUserConsentHandling.test_keyboard_interrupt_handling (0.001s)
PASS TestUserConsentHandling.test_non_tty_environment_auto_approve (0.001s)
PASS TestUserConsentHandling.test_tty_environment_invalid_then_valid_input (0.001s)
PASS TestUserConsentHandling.test_tty_environment_user_approves (0.001s)
PASS TestUserConsentHandling.test_tty_environment_user_approves_full_word (0.001s)
PASS TestUserConsentHandling.test_tty_environment_user_default_deny (0.001s)
PASS TestUserConsentHandling.test_tty_environment_user_denies (0.001s)
PASS TestUserConsentHandling.test_tty_environment_user_denies_full_word (0.001s)
SKIP TestDockerInstaller.test_can_install_docker_unavailable (0.000s)
PASS TestDockerInstaller.test_can_install_valid_dependency (0.000s)
PASS TestDockerInstaller.test_can_install_wrong_type (0.000s)
PASS TestDockerInstaller.test_get_installation_info_docker_unavailable (0.000s)
SKIP TestDockerInstaller.test_get_installation_info_image_installed (0.000s)
SKIP TestDockerInstaller.test_install_failure (0.000s)
PASS TestDockerInstaller.test_install_invalid_dependency (0.000s)
PASS TestDockerInstaller.test_install_simulation_mode (0.000s)
SKIP TestDockerInstaller.test_install_success (0.000s)
PASS TestDockerInstaller.test_installer_type (0.000s)
PASS TestDockerInstaller.test_resolve_docker_tag (0.000s)
PASS TestDockerInstaller.test_supported_schemes (0.000s)
PASS TestDockerInstaller.test_uninstall_simulation_mode (0.000s)
SKIP TestDockerInstaller.test_uninstall_success (0.000s)
PASS TestDockerInstaller.test_validate_dependency_invalid_registry (0.000s)
PASS TestDockerInstaller.test_validate_dependency_invalid_type (0.000s)
PASS TestDockerInstaller.test_validate_dependency_invalid_version_constraint (0.000s)
PASS TestDockerInstaller.test_validate_dependency_missing_name (0.000s)
PASS TestDockerInstaller.test_validate_dependency_missing_version_constraint (0.000s)
PASS TestDockerInstaller.test_validate_dependency_valid (0.000s)
PASS TestDockerInstaller.test_version_constraint_validation (0.000s)
FAIL PackageEnvironmentTests.test_add_package_environment_variable_compatibility (0.000s)
    Error: AssertionError: False is not true : Hatching-Dev directory not found at /Users/hacker/Documents/src/CrackingShells/Hatching-Dev
    Traceback (most recent call last):
      File "/Users/hacker/miniforge3/envs/forHatch-dev/lib/python3.12/unittest/case.py", line 58, in testPartExecutor
        yield
      File "/Users/hacker/miniforge3/envs/forHatch-dev/lib/python3.12/unittest/case.py", line 630, in run
        self._callSetUp()
    ... (traceback truncated)
FAIL PackageEnvironmentTests.test_add_package_non_tty_auto_approve (0.000s)
    Error: AssertionError: False is not true : Hatching-Dev directory not found at /Users/hacker/Documents/src/CrackingShells/Hatching-Dev
    Traceback (most recent call last):
      File "/Users/hacker/miniforge3/envs/forHatch-dev/lib/python3.12/unittest/case.py", line 58, in testPartExecutor
        yield
      File "/Users/hacker/miniforge3/envs/forHatch-dev/lib/python3.12/unittest/case.py", line 630, in run
        self._callSetUp()
    ... (traceback truncated)
FAIL PackageEnvironmentTests.test_add_package_with_dependencies_non_tty (0.000s)
    Error: AssertionError: False is not true : Hatching-Dev directory not found at /Users/hacker/Documents/src/CrackingShells/Hatching-Dev
    Traceback (most recent call last):
      File "/Users/hacker/miniforge3/envs/forHatch-dev/lib/python3.12/unittest/case.py", line 58, in testPartExecutor
        yield
      File "/Users/hacker/miniforge3/envs/forHatch-dev/lib/python3.12/unittest/case.py", line 630, in run
        self._callSetUp()
    ... (traceback truncated)
FAIL PackageEnvironmentTests.test_environment_variable_case_variations (0.000s)
    Error: AssertionError: False is not true : Hatching-Dev directory not found at /Users/hacker/Documents/src/CrackingShells/Hatching-Dev
    Traceback (most recent call last):
      File "/Users/hacker/miniforge3/envs/forHatch-dev/lib/python3.12/unittest/case.py", line 58, in testPartExecutor
        yield
      File "/Users/hacker/miniforge3/envs/forHatch-dev/lib/python3.12/unittest/case.py", line 630, in run
        self._callSetUp()
    ... (traceback truncated)
ERROR _ErrorHolder.setUpClass failed in TestHatchInstaller (test_hatch_installer.py) (0.000s)
    Error: AssertionError: Hatching-Dev directory not found at /Users/hacker/Documents/src/CrackingShells/Hatching-Dev
    Traceback (most recent call last):
      File "/Users/hacker/miniforge3/envs/forHatch-dev/lib/python3.12/unittest/suite.py", line 166, in _handleClassSetUp
        setUpClass()
      File "/Users/hacker/Documents/src/CrackingShells/Hatch/tests/test_hatch_installer.py", line 24, in setUpClass
        cls.hatch_dev_path.exists()
    ... (traceback truncated)
PASS BaseInstallerTests.test_installation_context_creation (0.000s)
PASS BaseInstallerTests.test_installation_context_with_config (0.000s)
PASS BaseInstallerTests.test_installation_error (0.000s)
PASS BaseInstallerTests.test_installation_result_creation (0.000s)
PASS BaseInstallerTests.test_installation_status_enum (0.000s)
PASS BaseInstallerTests.test_mock_installer_get_installation_info (0.000s)
PASS BaseInstallerTests.test_mock_installer_install (0.000s)
PASS BaseInstallerTests.test_mock_installer_interface (0.000s)
PASS BaseInstallerTests.test_mock_installer_uninstall_not_implemented (0.001s)
PASS BaseInstallerTests.test_mock_installer_validation (0.000s)
PASS BaseInstallerTests.test_progress_callback_support (0.000s)
PASS TestPythonEnvironmentManager.test_conda_env_exists (0.229s)
PASS TestPythonEnvironmentManager.test_conda_env_not_exists (0.230s)
PASS TestPythonEnvironmentManager.test_create_python_environment_already_exists (0.225s)
PASS TestPythonEnvironmentManager.test_create_python_environment_no_conda (0.225s)
PASS TestPythonEnvironmentManager.test_create_python_environment_success (0.226s)
PASS TestPythonEnvironmentManager.test_detect_conda_mamba_conda_only (0.231s)
PASS TestPythonEnvironmentManager.test_detect_conda_mamba_none_available (0.229s)
PASS TestPythonEnvironmentManager.test_detect_conda_mamba_with_mamba (0.243s)
PASS TestPythonEnvironmentManager.test_get_conda_env_name (0.240s)
PASS TestPythonEnvironmentManager.test_get_environment_activation_info_env_not_exists (0.456s)
PASS TestPythonEnvironmentManager.test_get_environment_activation_info_no_python (0.463s)
PASS TestPythonEnvironmentManager.test_get_environment_activation_info_unix (0.460s)
FAIL TestPythonEnvironmentManager.test_get_environment_activation_info_windows (0.447s)
    Error: AssertionError: 'C:\\fake\\env' not found in ['C:/fake/env:C:/fake/env/Scripts:C:/fake/env/Library/bin:/Users/hacker/miniforge3/envs/forHatch-dev/bin:/Users/hacker/.nvm/versions/node/v24.13.0/bin:/opt/homebrew/bin:/opt/homebrew/sbin:/usr/local/bin:/System/Cryptexes/App/usr/bin:/usr/bin:/bin:/usr/sbin:/sbin:/var/run/com.apple.security.cryptexd/codex.system/bootstrap/usr/local/bin:/var/run/com.apple.security.cryptexd/codex.system/bootstrap/usr/bin:/var/run/com.apple.security.cryptexd/codex.system/bootstrap/usr/appleinternal/bin:/opt/pmk/env/global/bin:/Library/Apple/usr/bin:/Library/TeX/texbin:/Users/hacker/.nvm/versions/node/v24.13.0/bin:/Users/hacker/miniforge3/condabin:/Users/hacker/.local/bin:/Users/hacker/.cargo/bin:/Users/hacker/Documents/bin/OpenUSD/bin:/Users/hacker/.lmstudio/bin:/Users/hacker/Documents/bin/OpenUSD/bin:/Users/hacker/.lmstudio/bin']
    Traceback (most recent call last):
      File "/Users/hacker/miniforge3/envs/forHatch-dev/lib/python3.12/unittest/case.py", line 58, in testPartExecutor
        yield
      File "/Users/hacker/miniforge3/envs/forHatch-dev/lib/python3.12/unittest/case.py", line 634, in run
        self._callTestMethod(testMethod)
    ... (traceback truncated)
PASS TestPythonEnvironmentManager.test_get_preferred_executable (0.225s)
PASS TestPythonEnvironmentManager.test_get_python_executable_exists (0.235s)
PASS TestPythonEnvironmentManager.test_get_python_executable_not_exists (0.228s)
PASS TestPythonEnvironmentManager.test_get_python_executable_path_unix (0.231s)
PASS TestPythonEnvironmentManager.test_get_python_executable_path_windows (0.238s)
PASS TestPythonEnvironmentManager.test_init (0.232s)
PASS TestPythonEnvironmentManager.test_is_available_no_conda (0.470s)
PASS TestPythonEnvironmentManager.test_is_available_with_conda (0.233s)
PASS TestPythonEnvironmentManagerEnhancedFeatures.test_environment_diagnostics_structure (0.258s)
PASS TestPythonEnvironmentManagerEnhancedFeatures.test_get_manager_info_structure (0.240s)
PASS TestPythonEnvironmentManagerEnhancedFeatures.test_launch_shell_interactive_unix (0.222s)
PASS TestPythonEnvironmentManagerEnhancedFeatures.test_launch_shell_interactive_windows (0.228s)
PASS TestPythonEnvironmentManagerEnhancedFeatures.test_launch_shell_no_python_executable (0.231s)
PASS TestPythonEnvironmentManagerEnhancedFeatures.test_launch_shell_nonexistent_environment (0.230s)
PASS TestPythonEnvironmentManagerEnhancedFeatures.test_launch_shell_with_command (0.230s)
PASS TestPythonEnvironmentManagerEnhancedFeatures.test_manager_diagnostics_structure (0.463s)
PASS TestPythonInstaller.test_can_install_python_type (0.001s)
PASS TestPythonInstaller.test_can_install_wrong_type (0.000s)
PASS TestPythonInstaller.test_install_failure (0.001s)
PASS TestPythonInstaller.test_install_simulation_mode (0.000s)
PASS TestPythonInstaller.test_install_success (0.000s)
PASS TestPythonInstaller.test_run_pip_subprocess_exception (0.001s)
PASS TestPythonInstaller.test_uninstall_failure (0.000s)
PASS TestPythonInstaller.test_uninstall_success (0.001s)
PASS TestPythonInstaller.test_validate_dependency_invalid_missing_fields (0.001s)
PASS TestPythonInstaller.test_validate_dependency_invalid_package_manager (0.000s)
PASS TestPythonInstaller.test_validate_dependency_valid (0.000s)
PASS TestInstallerRegistry.test_error_on_unknown_type (0.000s)
PASS TestInstallerRegistry.test_get_installer_instance (0.000s)
PASS TestInstallerRegistry.test_registered_types (0.000s)
PASS TestInstallerRegistry.test_registry_repr_and_len (0.000s)
PASS RegistryRetrieverTests.test_online_mode (0.434s)
PASS RegistryRetrieverTests.test_persistent_timestamp_across_cli_invocations (0.158s)
PASS RegistryRetrieverTests.test_persistent_timestamp_edge_cases (0.003s)
PASS RegistryRetrieverTests.test_registry_cache_management (0.479s)
PASS RegistryRetrieverTests.test_registry_init (0.002s)
PASS TestSystemInstaller.test_build_apt_command_automated (0.000s)
PASS TestSystemInstaller.test_build_apt_command_basic (0.000s)
PASS TestSystemInstaller.test_build_apt_command_exact_version (0.000s)
PASS TestSystemInstaller.test_can_install_apt_not_available (0.000s)
PASS TestSystemInstaller.test_can_install_unsupported_platform (0.000s)
PASS TestSystemInstaller.test_can_install_valid_dependency (0.000s)
PASS TestSystemInstaller.test_can_install_wrong_type (0.000s)
PASS TestSystemInstaller.test_install_apt_failure (0.001s)
PASS TestSystemInstaller.test_install_invalid_dependency (0.000s)
PASS TestSystemInstaller.test_install_simulation_mode (0.001s)
PASS TestSystemInstaller.test_install_success (0.001s)
PASS TestSystemInstaller.test_installer_type (0.000s)
PASS TestSystemInstaller.test_is_apt_available_false (0.000s)
PASS TestSystemInstaller.test_is_apt_available_true (0.000s)
PASS TestSystemInstaller.test_is_platform_supported_debian (0.001s)
PASS TestSystemInstaller.test_is_platform_supported_ubuntu (0.001s)
PASS TestSystemInstaller.test_is_platform_supported_unsupported (0.000s)
PASS TestSystemInstaller.test_parse_apt_error_generic (0.000s)
PASS TestSystemInstaller.test_parse_apt_error_package_not_found (0.000s)
PASS TestSystemInstaller.test_parse_apt_error_permission_denied (0.000s)
PASS TestSystemInstaller.test_simulate_installation_failure (0.000s)
PASS TestSystemInstaller.test_simulate_installation_success (0.000s)
PASS TestSystemInstaller.test_supported_schemes (0.000s)
PASS TestSystemInstaller.test_uninstall_automated (0.000s)
PASS TestSystemInstaller.test_uninstall_simulation_mode (0.000s)
PASS TestSystemInstaller.test_uninstall_success (0.000s)
PASS TestSystemInstaller.test_validate_dependency_invalid_package_manager (0.000s)
PASS TestSystemInstaller.test_validate_dependency_invalid_version_constraint (0.000s)
PASS TestSystemInstaller.test_validate_dependency_missing_name (0.000s)
PASS TestSystemInstaller.test_validate_dependency_missing_version_constraint (0.000s)
PASS TestSystemInstaller.test_validate_dependency_valid (0.000s)
PASS TestSystemInstaller.test_verify_installation_failure (0.000s)
PASS TestSystemInstaller.test_verify_installation_success (0.000s)
PASS TestAdapterProtocol.test_AP01_all_adapters_have_get_supported_fields (0.000s)
PASS TestAdapterProtocol.test_AP02_all_adapters_have_validate (0.000s)
PASS TestAdapterProtocol.test_AP03_all_adapters_have_serialize (0.000s)
PASS TestAdapterProtocol.test_AP04_serialize_never_returns_name (0.000s)
PASS TestAdapterProtocol.test_AP05_serialize_never_returns_none_values (0.000s)
PASS TestAdapterProtocol.test_AP06_get_adapter_returns_correct_type (0.000s)
PASS TestAdapterRegistry.test_AR01_registry_has_all_default_hosts (0.000s)
PASS TestAdapterRegistry.test_AR02_get_adapter_returns_correct_type (0.000s)
PASS TestAdapterRegistry.test_AR03_get_adapter_raises_for_unknown_host (0.000s)
PASS TestAdapterRegistry.test_AR04_has_adapter_returns_true_for_registered (0.000s)
PASS TestAdapterRegistry.test_AR05_has_adapter_returns_false_for_unknown (0.000s)
PASS TestAdapterRegistry.test_AR06_register_adds_new_adapter (0.000s)
PASS TestAdapterRegistry.test_AR07_register_raises_for_duplicate (0.000s)
PASS TestAdapterRegistry.test_AR08_unregister_removes_adapter (0.000s)
PASS TestAdapterRegistry.test_unregister_raises_for_unknown (0.000s)
PASS TestGlobalRegistryFunctions.test_get_adapter_raises_for_unknown (0.000s)
PASS TestGlobalRegistryFunctions.test_get_adapter_uses_default_registry (0.000s)
PASS TestGlobalRegistryFunctions.test_get_default_registry_returns_singleton (0.000s)
PASS TestMCPServerConfig.test_UM01_valid_stdio_config (0.000s)
PASS TestMCPServerConfig.test_UM02_valid_sse_config (0.000s)
PASS TestMCPServerConfig.test_UM03_valid_http_config_gemini (0.000s)
PASS TestMCPServerConfig.test_UM04_allows_command_and_url (0.000s)
PASS TestMCPServerConfig.test_UM05_reject_no_transport (0.000s)
PASS TestMCPServerConfig.test_UM06_accept_all_fields (0.000s)
PASS TestMCPServerConfig.test_UM07_extra_fields_allowed (0.000s)
PASS TestMCPServerConfig.test_command_empty_rejected (0.000s)
PASS TestMCPServerConfig.test_command_whitespace_stripped (0.000s)
PASS TestMCPServerConfig.test_serialization_roundtrip (0.000s)
PASS TestMCPServerConfig.test_url_format_validation (0.000s)
PASS TestMCPServerConfigProperties.test_is_local_server_with_command (0.000s)
PASS TestMCPServerConfigProperties.test_is_remote_server_with_httpUrl (0.000s)
PASS TestMCPServerConfigProperties.test_is_remote_server_with_url (0.000s)
=== Summary ===
Total: 576
Passed: 552
Failed: 10
Errors: 4
Skipped: 10
Success Rate: 95.8%
Exit Code: 1
